2024-09-30 22:26:40,272 - INFO - Taray\u0131c\u0131 aç\u0131ld\u0131. Lütfen Bumble'a giri\u015f yap\u0131n.
2024-09-30 22:26:42,570 - INFO - Session opened. Bot continue to work...
2024-09-30 22:26:44,581 - INFO - Status: Sa\u011f kayd\u0131r\u0131ld\u0131, Name: I\u0307, Age: , 22, Location: Ankara, Turkey
2024-09-30 22:26:44,900 - INFO - HTTP Request: POST https://api.telegram.org/bot7519352943:AAFfSW4XAWuKiHpWLKs85jDC6eYypiWy3xs/sendMessage "HTTP/1.1 200 OK"
2024-09-30 22:26:48,047 - INFO - Status: Sa\u011f kayd\u0131r\u0131ld\u0131, Name: Cansu, Age: , 24, Location: Ankara, Turkey
2024-09-30 22:26:48,159 - INFO - HTTP Request: POST https://api.telegram.org/bot7519352943:AAFfSW4XAWuKiHpWLKs85jDC6eYypiWy3xs/sendMessage "HTTP/1.1 200 OK"
2024-09-30 22:26:50,430 - INFO - Status: Sa\u011f kayd\u0131r\u0131ld\u0131, Name: Safiye, Age: , 21, Location: Ankara, Turkey
2024-09-30 22:26:50,652 - INFO - HTTP Request: POST https://api.telegram.org/bot7519352943:AAFfSW4XAWuKiHpWLKs85jDC6eYypiWy3xs/sendMessage "HTTP/1.1 200 OK"
2024-09-30 22:26:53,406 - INFO - Status: Sa\u011f kayd\u0131r\u0131ld\u0131, Name: Rabia, Age: , 19, Location: Ankara, Turkey
2024-09-30 22:26:53,558 - INFO - HTTP Request: POST https://api.telegram.org/bot7519352943:AAFfSW4XAWuKiHpWLKs85jDC6eYypiWy3xs/sendMessage "HTTP/1.1 200 OK"
2024-09-30 22:26:57,217 - INFO - Status: Sa\u011f kayd\u0131r\u0131ld\u0131, Name: Delal, Age: , 21, Location: Ankara, Turkey
2024-09-30 22:26:57,350 - INFO - HTTP Request: POST https://api.telegram.org/bot7519352943:AAFfSW4XAWuKiHpWLKs85jDC6eYypiWy3xs/sendMessage "HTTP/1.1 200 OK"
2024-09-30 22:27:00,819 - INFO - Status: Sa\u011f kayd\u0131r\u0131ld\u0131, Name: Deniz, Age: , 23, Location: Middle East Technical University, Ankara
2024-09-30 22:27:00,925 - INFO - HTTP Request: POST https://api.telegram.org/bot7519352943:AAFfSW4XAWuKiHpWLKs85jDC6eYypiWy3xs/sendMessage "HTTP/1.1 200 OK"
2024-09-30 22:27:03,952 - INFO - Status: Sa\u011f kayd\u0131r\u0131ld\u0131, Name: Ilg\u0131n, Age: , 24, Location: Ankara, Turkey
2024-09-30 22:27:04,060 - INFO - HTTP Request: POST https://api.telegram.org/bot7519352943:AAFfSW4XAWuKiHpWLKs85jDC6eYypiWy3xs/sendMessage "HTTP/1.1 200 OK"
2024-09-30 22:27:06,224 - INFO - Status: Sa\u011f kayd\u0131r\u0131ld\u0131, Name: Ay\u015fe, Age: , 23, Location: Ankara, Turkey
2024-09-30 22:27:06,474 - INFO - HTTP Request: POST https://api.telegram.org/bot7519352943:AAFfSW4XAWuKiHpWLKs85jDC6eYypiWy3xs/sendMessage "HTTP/1.1 200 OK"
2024-09-30 22:27:09,063 - INFO - Status: Sa\u011f kayd\u0131r\u0131ld\u0131, Name: Püren, Age: , 23, Location: Ankara, Turkey
2024-09-30 22:27:09,181 - INFO - HTTP Request: POST https://api.telegram.org/bot7519352943:AAFfSW4XAWuKiHpWLKs85jDC6eYypiWy3xs/sendMessage "HTTP/1.1 200 OK"
2024-09-30 22:27:12,467 - INFO - Status: Sa\u011f kayd\u0131r\u0131ld\u0131, Name: Gizem, Age: , 24, Location: Ankara, Turkey
2024-09-30 22:27:12,595 - INFO - HTTP Request: POST https://api.telegram.org/bot7519352943:AAFfSW4XAWuKiHpWLKs85jDC6eYypiWy3xs/sendMessage "HTTP/1.1 200 OK"
2024-09-30 22:27:15,314 - INFO - Status: Sola kayd\u0131r\u0131ld\u0131, Name: Naz, Age: , 19, Location: K\u0131r\u015fehir, Turkey
2024-09-30 22:27:31,169 - INFO - ESC'ye bas\u0131ld\u0131, Script durduruluyor...
2024-09-30 22:27:31,416 - ERROR - Browser session invalid: Message: invalid session id
Stacktrace:
	GetHandleVerifier [0x00007FF77890B125+29573]
	(No symbol) [0x00007FF77887FF50]
	(No symbol) [0x00007FF77873B519]
	(No symbol) [0x00007FF778780424]
	(No symbol) [0x00007FF7787B71A9]
	(No symbol) [0x00007FF7787B0CD8]
	(No symbol) [0x00007FF7787AFEAD]
	(No symbol) [0x00007FF778703D75]
	GetHandleVerifier [0x00007FF778C3C76D+3377613]
	GetHandleVerifier [0x00007FF778C87B67+3685831]
	GetHandleVerifier [0x00007FF778C7CF8B+3641835]
	GetHandleVerifier [0x00007FF7789CB2A6+816390]
	(No symbol) [0x00007FF77888B25F]
	(No symbol) [0x00007FF778702837]
	GetHandleVerifier [0x00007FF778CEC348+4097448]
	BaseThreadInitThunk [0x00007FFF822F7374+20]
	RtlUserThreadStart [0x00007FFF824DCC91+33]
Traceback (most recent call last):
  File "C:\Users\rekal\OneDrive\Belgeler\Projects\Rasputin\bumble.py", line 170, in main
    await process_profile(profile, target_location)
  File "C:\Users\rekal\OneDrive\Belgeler\Projects\Rasputin\bumble.py", line 100, in process_profile
    location_element = WebDriverWait(profile, 30).until(
                       ^^^^^^^^^^^^^^^^^^^^^^^^^^^^^^^^^
  File "C:\Users\rekal\OneDrive\Belgeler\Projects\Rasputin\venv\Lib\site-packages\selenium\webdriver\support\wait.py", line 96, in until
    value = method(self._driver)
            ^^^^^^^^^^^^^^^^^^^^
  File "C:\Users\rekal\OneDrive\Belgeler\Projects\Rasputin\venv\Lib\site-packages\selenium\webdriver\support\expected_conditions.py", line 84, in _predicate
    return driver.find_element(*locator)
           ^^^^^^^^^^^^^^^^^^^^^^^^^^^^^
  File "C:\Users\rekal\OneDrive\Belgeler\Projects\Rasputin\venv\Lib\site-packages\selenium\webdriver\remote\webelement.py", line 417, in find_element
    return self._execute(Command.FIND_CHILD_ELEMENT, {"using": by, "value": value})["value"]
           ^^^^^^^^^^^^^^^^^^^^^^^^^^^^^^^^^^^^^^^^^^^^^^^^^^^^^^^^^^^^^^^^^^^^^^^^
  File "C:\Users\rekal\OneDrive\Belgeler\Projects\Rasputin\venv\Lib\site-packages\selenium\webdriver\remote\webelement.py", line 395, in _execute
    return self._parent.execute(command, params)
           ^^^^^^^^^^^^^^^^^^^^^^^^^^^^^^^^^^^^^
  File "C:\Users\rekal\OneDrive\Belgeler\Projects\Rasputin\venv\Lib\site-packages\selenium\webdriver\remote\webdriver.py", line 354, in execute
    self.error_handler.check_response(response)
  File "C:\Users\rekal\OneDrive\Belgeler\Projects\Rasputin\venv\Lib\site-packages\selenium\webdriver\remote\errorhandler.py", line 229, in check_response
    raise exception_class(message, screen, stacktrace)
selenium.common.exceptions.InvalidSessionIdException: Message: invalid session id
Stacktrace:
	GetHandleVerifier [0x00007FF77890B125+29573]
	(No symbol) [0x00007FF77887FF50]
	(No symbol) [0x00007FF77873B519]
	(No symbol) [0x00007FF778780424]
	(No symbol) [0x00007FF7787B71A9]
	(No symbol) [0x00007FF7787B0CD8]
	(No symbol) [0x00007FF7787AFEAD]
	(No symbol) [0x00007FF778703D75]
	GetHandleVerifier [0x00007FF778C3C76D+3377613]
	GetHandleVerifier [0x00007FF778C87B67+3685831]
	GetHandleVerifier [0x00007FF778C7CF8B+3641835]
	GetHandleVerifier [0x00007FF7789CB2A6+816390]
	(No symbol) [0x00007FF77888B25F]
	(No symbol) [0x00007FF778702837]
	GetHandleVerifier [0x00007FF778CEC348+4097448]
	BaseThreadInitThunk [0x00007FFF822F7374+20]
	RtlUserThreadStart [0x00007FFF824DCC91+33]

2024-09-30 22:27:31,419 - INFO - Attempting to re-login (Attempt 1/3)
2024-09-30 22:27:33,434 - INFO - Browser closed. Script will be terminated.
2024-09-30 22:27:35,507 - WARNING - Retrying (Retry(total=2, connect=None, read=None, redirect=None, status=None)) after connection broken by 'NewConnectionError('<urllib3.connection.HTTPConnection object at 0x0000000005D7FDA0>: Failed to establish a new connection: [WinError 10061] Hedef makine etkin olarak reddetti\u011finden ba\u011flant\u0131 kurulamad\u0131')': /session/4ada9be3ba2f6fc96407a4528891f952/url
